<?xml version="1.0" encoding="UTF-8"?>
<!-- Generated by org.testng.reporters.JUnitReportReporter -->
<testsuite skipped="0" hostname="SYB-LP-TEST-008" name="demoo.qa1" tests="1" failures="0" timestamp="15 Feb 2018 12:11:56 GMT" time="214.693" errors="0">
  <testcase name="input" time="214.693" classname="demoo.qa1"/>
</testsuite> <!-- demoo.qa1 -->
